mode: set
github.com/marcelocorreia/go-template-engine/main.go:24.13,25.23 1 0
github.com/marcelocorreia/go-template-engine/main.go:30.2,34.16 4 0
github.com/marcelocorreia/go-template-engine/main.go:38.2,38.18 1 0
github.com/marcelocorreia/go-template-engine/main.go:43.2,48.16 5 0
github.com/marcelocorreia/go-template-engine/main.go:52.2,54.12 2 0
github.com/marcelocorreia/go-template-engine/main.go:25.23,28.3 2 0
github.com/marcelocorreia/go-template-engine/main.go:34.16,36.3 1 0
github.com/marcelocorreia/go-template-engine/main.go:38.18,41.3 2 0
github.com/marcelocorreia/go-template-engine/main.go:48.16,50.3 1 0
github.com/marcelocorreia/go-template-engine/main.go:58.65,59.69 1 0
github.com/marcelocorreia/go-template-engine/main.go:59.69,61.17 2 0
github.com/marcelocorreia/go-template-engine/main.go:61.17,63.4 1 0
github.com/marcelocorreia/go-template-engine/main.go:64.3,66.17 2 0
github.com/marcelocorreia/go-template-engine/main.go:69.3,69.14 1 0
github.com/marcelocorreia/go-template-engine/main.go:66.17,68.4 1 0
github.com/marcelocorreia/go-template-engine/main.go:72.45,75.2 2 0
github.com/marcelocorreia/go-template-engine/main.go:77.25,78.31 1 0
github.com/marcelocorreia/go-template-engine/main.go:78.31,80.17 2 0
github.com/marcelocorreia/go-template-engine/main.go:80.17,82.4 1 0
github.com/marcelocorreia/go-template-engine/main.go:83.3,85.3 1 0
