mode: set
github.com/marcelocorreia/go-template-engine/template-engine/template-engine.go:35.69,37.16 2 1
github.com/marcelocorreia/go-template-engine/template-engine/template-engine.go:40.2,40.21 1 1
github.com/marcelocorreia/go-template-engine/template-engine/template-engine.go:37.16,39.3 1 0
github.com/marcelocorreia/go-template-engine/template-engine/template-engine.go:43.59,44.22 1 1
github.com/marcelocorreia/go-template-engine/template-engine/template-engine.go:48.2,52.21 2 1
github.com/marcelocorreia/go-template-engine/template-engine/template-engine.go:44.22,46.3 1 1
github.com/marcelocorreia/go-template-engine/template-engine/template-engine.go:55.102,58.16 2 1
github.com/marcelocorreia/go-template-engine/template-engine/template-engine.go:62.2,63.16 2 1
github.com/marcelocorreia/go-template-engine/template-engine/template-engine.go:66.2,66.15 1 1
github.com/marcelocorreia/go-template-engine/template-engine/template-engine.go:58.16,60.3 1 1
github.com/marcelocorreia/go-template-engine/template-engine/template-engine.go:63.16,65.3 1 1
github.com/marcelocorreia/go-template-engine/template-engine/template-engine.go:69.106,71.45 1 1
github.com/marcelocorreia/go-template-engine/template-engine/template-engine.go:79.2,80.16 2 1
github.com/marcelocorreia/go-template-engine/template-engine/template-engine.go:83.2,86.21 3 1
github.com/marcelocorreia/go-template-engine/template-engine/template-engine.go:89.2,91.18 2 1
github.com/marcelocorreia/go-template-engine/template-engine/template-engine.go:71.45,71.79 1 1
github.com/marcelocorreia/go-template-engine/template-engine/template-engine.go:80.16,82.3 1 1
github.com/marcelocorreia/go-template-engine/template-engine/template-engine.go:86.21,88.3 1 0
github.com/marcelocorreia/go-template-engine/template-engine/template-engine.go:94.74,98.42 3 1
github.com/marcelocorreia/go-template-engine/template-engine/template-engine.go:110.2,110.22 1 1
github.com/marcelocorreia/go-template-engine/template-engine/template-engine.go:98.42,101.17 3 1
github.com/marcelocorreia/go-template-engine/template-engine/template-engine.go:101.17,103.4 1 1
github.com/marcelocorreia/go-template-engine/template-engine/template-engine.go:104.3,104.88 1 1
github.com/marcelocorreia/go-template-engine/template-engine/template-engine.go:104.88,106.17 2 1
github.com/marcelocorreia/go-template-engine/template-engine/template-engine.go:106.17,108.4 1 1
github.com/marcelocorreia/go-template-engine/template-engine/template-engine.go:113.111,116.32 2 1
github.com/marcelocorreia/go-template-engine/template-engine/template-engine.go:125.2,125.31 1 1
github.com/marcelocorreia/go-template-engine/template-engine/template-engine.go:128.2,130.16 3 1
github.com/marcelocorreia/go-template-engine/template-engine/template-engine.go:133.2,136.32 3 1
github.com/marcelocorreia/go-template-engine/template-engine/template-engine.go:116.32,118.17 2 1
github.com/marcelocorreia/go-template-engine/template-engine/template-engine.go:121.3,122.28 2 1
github.com/marcelocorreia/go-template-engine/template-engine/template-engine.go:118.17,120.4 1 1
github.com/marcelocorreia/go-template-engine/template-engine/template-engine.go:125.31,127.3 1 1
github.com/marcelocorreia/go-template-engine/template-engine/template-engine.go:130.16,132.3 1 0
github.com/marcelocorreia/go-template-engine/template-engine/template-engine.go:139.49,141.16 2 1
github.com/marcelocorreia/go-template-engine/template-engine/template-engine.go:144.2,149.21 5 1
github.com/marcelocorreia/go-template-engine/template-engine/template-engine.go:155.2,155.28 1 1
github.com/marcelocorreia/go-template-engine/template-engine/template-engine.go:141.16,143.3 1 0
github.com/marcelocorreia/go-template-engine/template-engine/template-engine.go:149.21,151.55 2 1
github.com/marcelocorreia/go-template-engine/template-engine/template-engine.go:151.55,153.4 1 1
github.com/marcelocorreia/go-template-engine/template-engine/template-engine.go:158.129,160.16 2 1
github.com/marcelocorreia/go-template-engine/template-engine/template-engine.go:163.2,165.16 2 1
github.com/marcelocorreia/go-template-engine/template-engine/template-engine.go:168.2,168.25 1 1
github.com/marcelocorreia/go-template-engine/template-engine/template-engine.go:181.2,181.12 1 1
github.com/marcelocorreia/go-template-engine/template-engine/template-engine.go:160.16,162.3 1 1
github.com/marcelocorreia/go-template-engine/template-engine/template-engine.go:165.16,167.3 1 0
github.com/marcelocorreia/go-template-engine/template-engine/template-engine.go:168.25,172.17 4 1
github.com/marcelocorreia/go-template-engine/template-engine/template-engine.go:175.3,176.17 2 1
github.com/marcelocorreia/go-template-engine/template-engine/template-engine.go:172.17,174.4 1 1
github.com/marcelocorreia/go-template-engine/template-engine/template-engine.go:176.17,178.4 1 1
github.com/marcelocorreia/go-template-engine/template-engine/template-engine.go:184.105,188.16 4 1
github.com/marcelocorreia/go-template-engine/template-engine/template-engine.go:191.2,191.26 1 1
github.com/marcelocorreia/go-template-engine/template-engine/template-engine.go:201.2,201.14 1 1
github.com/marcelocorreia/go-template-engine/template-engine/template-engine.go:205.2,206.30 2 1
github.com/marcelocorreia/go-template-engine/template-engine/template-engine.go:210.2,210.18 1 1
github.com/marcelocorreia/go-template-engine/template-engine/template-engine.go:188.16,190.3 1 1
github.com/marcelocorreia/go-template-engine/template-engine/template-engine.go:191.26,192.49 1 1
github.com/marcelocorreia/go-template-engine/template-engine/template-engine.go:192.49,193.78 1 1
github.com/marcelocorreia/go-template-engine/template-engine/template-engine.go:193.78,195.5 1 1
github.com/marcelocorreia/go-template-engine/template-engine/template-engine.go:195.5,197.5 1 1
github.com/marcelocorreia/go-template-engine/template-engine/template-engine.go:201.14,203.3 1 1
github.com/marcelocorreia/go-template-engine/template-engine/template-engine.go:206.30,209.3 2 1
github.com/marcelocorreia/go-template-engine/template-engine/template-engine.go:213.71,215.26 2 1
github.com/marcelocorreia/go-template-engine/template-engine/template-engine.go:215.26,216.77 1 1
github.com/marcelocorreia/go-template-engine/template-engine/template-engine.go:216.77,218.4 1 1
github.com/marcelocorreia/go-template-engine/template-engine/template-engine.go:218.4,220.4 1 1
github.com/marcelocorreia/go-template-engine/template-engine/template-engine.go:224.115,226.21 1 1
github.com/marcelocorreia/go-template-engine/template-engine/template-engine.go:230.2,232.16 3 1
github.com/marcelocorreia/go-template-engine/template-engine/template-engine.go:235.2,235.26 1 1
github.com/marcelocorreia/go-template-engine/template-engine/template-engine.go:243.2,243.12 1 1
github.com/marcelocorreia/go-template-engine/template-engine/template-engine.go:226.21,228.3 1 1
github.com/marcelocorreia/go-template-engine/template-engine/template-engine.go:232.16,234.3 1 1
github.com/marcelocorreia/go-template-engine/template-engine/template-engine.go:235.26,236.49 1 1
github.com/marcelocorreia/go-template-engine/template-engine/template-engine.go:236.49,237.84 1 1
github.com/marcelocorreia/go-template-engine/template-engine/template-engine.go:237.84,239.5 1 1
github.com/marcelocorreia/go-template-engine/template-engine/template-engine.go:246.60,248.16 2 1
github.com/marcelocorreia/go-template-engine/template-engine/template-engine.go:251.2,251.12 1 1
github.com/marcelocorreia/go-template-engine/template-engine/template-engine.go:248.16,250.3 1 1
